{
  "0 debug pnpm:scope": {
    "selected": 1
  },
  "1 error pnpm": {
    "errno": 1,
    "code": "ELIFECYCLE",
    "pkgid": "@react-forked/dnd@14.0.1",
    "stage": "build",
    "script": "pnpm build:clean && pnpm build:dist",
    "pkgname": "@react-forked/dnd",
    "err": {
      "name": "pnpm",
      "message": "@react-forked/dnd@14.0.1 build: `pnpm build:clean && pnpm build:dist`\nExit status 1",
      "code": "ELIFECYCLE",
      "stack": "pnpm: @react-forked/dnd@14.0.1 build: `pnpm build:clean && pnpm build:dist`\nExit status 1\n    at EventEmitter.<anonymous> (/mnt/c/Users/barsik/AppData/Roaming/npm/node_modules/pnpm/dist/pnpm.cjs:105736:20)\n    at EventEmitter.emit (node:events:378:20)\n    at ChildProcess.<anonymous> (/mnt/c/Users/barsik/AppData/Roaming/npm/node_modules/pnpm/dist/pnpm.cjs:92297:18)\n    at ChildProcess.emit (node:events:378:20)\n    at maybeClose (node:internal/child_process:1067:16)\n    at Process.ChildProcess._handle.onexit (node:internal/child_process:301:5)"
    }
  },
  "2 warn pnpm:global": " Local package.json exists, but node_modules missing, did you mean to install?"
}